--------------------------------------------------------------------------------
      name:  <unnamed>
       log:  /Users/biancamanago/Dropbox/_AcademicWork/Active/Research/CST_Lab+R
> esearch/CST_Comparing Status Tasks/- Posted/SM-04 Replication Files/cst1-do03-
> deference-shared.log
  log type:  text
 opened on:  19 May 2021, 18:06:19

. 
. **************************************************************** 
. //  #0
. //  setup
. ****************************************************************
. 
. // CST1 - Comparing Status Tasks Experiment (Lab Sample)
. // Examine patterns for deference
. 
.  version 14.1

.  set linesize 80

.  clear all

.  macro drop _all

. 
.  
.  local pgm   cst1-do03-deference-shared.do

.  local dte   2020-05-29

.  local who   bianca manago - trent mize  

.  local tag   "`pgm'.do `who' `dte'"

.  
.  di "`tag'"
cst1-do03-deference-shared.do.do bianca manago - trent mize 2020-05-29

.  
. ****************************************************************
. // #1
. // Load Data
. **************************************************************** 
.  
.         use "- data/cst1-data03-shared", clear
(cst1-data00-import.dta| data management | 2019-01-09)

.         
. ****************************************************************
. // #2
. // Examine Ns
. **************************************************************** 
.         
.         fre     task

task -- SC-EST Task
----------------------------------------------------------------------------
                               |      Freq.    Percent      Valid       Cum.
-------------------------------+--------------------------------------------
Valid   1 Meaning Insight      |         48      33.80      33.80      33.80
        2 Contrast Sensitivity |         46      32.39      32.39      66.20
        3 Decision-Making      |         48      33.80      33.80     100.00
        Total                  |        142     100.00     100.00           
----------------------------------------------------------------------------

.         
.         tab             o_man   o_highstat, m

           |  Other: High Status?
Other: Man |     0_Low     1_High |     Total
-----------+----------------------+----------
     Woman |        70         72 |       142 
-----------+----------------------+----------
     Total |        70         72 |       142 

.         tab             o_man   p_highstat, m   

           |   Is P High or Low
           |        Status?
Other: Man |     0_Low     1_High |     Total
-----------+----------------------+----------
     Woman |        72         70 |       142 
-----------+----------------------+----------
     Total |        72         70 |       142 

.         tab     o_highstat o_educ, m    

                      |   Other: Education
  Other: High Status? |       GED   Master's |     Total
----------------------+----------------------+----------
                0_Low |        70          0 |        70 
               1_High |         0         72 |        72 
----------------------+----------------------+----------
                Total |        70         72 |       142 

.         tab     o_educ task, m

    Other: |           SC-EST Task
 Education | Meaning I  Contrast   Decision- |     Total
-----------+---------------------------------+----------
       GED |        24         23         23 |        70 
  Master's |        24         23         25 |        72 
-----------+---------------------------------+----------
     Total |        48         46         48 |       142 

.         
. ****************************************************************
. // #3
. // Preliminary Analyses / Descriptives
. **************************************************************** 
.         
.         tabstat total_def, by(o_highstat) statistics(mean sd n min max) format
> (%5.3f)

Summary for variables: total_def
     by categories of: o_highstat (Other: High Status?)

      o_highstat |      mean        sd         N       min       max
-----------------+--------------------------------------------------
           0_Low |     4.900     2.677    70.000     0.000    13.000
          1_High |     5.875     2.696    72.000     1.000    13.000
-----------------+--------------------------------------------------
           Total |     5.394     2.721   142.000     0.000    13.000
--------------------------------------------------------------------

.         tabstat total_def, by(task) statistics(mean sd n min max)  format(%5.3
> f)

Summary for variables: total_def
     by categories of: task (SC-EST Task)

            task |      mean        sd         N       min       max
-----------------+--------------------------------------------------
 Meaning Insight |     5.833     2.898    48.000     1.000    13.000
Contrast Sensiti |     5.500     2.188    46.000     0.000    10.000
 Decision-Making |     4.854     2.953    48.000     0.000    11.000
-----------------+--------------------------------------------------
           Total |     5.394     2.721   142.000     0.000    13.000
--------------------------------------------------------------------

. 
.         * meaning insight       
.         tabstat total_def if task==1, by(o_highstat) ///
>                         statistics(mean sd n min max) format(%5.3f)

Summary for variables: total_def
     by categories of: o_highstat (Other: High Status?)

      o_highstat |      mean        sd         N       min       max
-----------------+--------------------------------------------------
           0_Low |     5.667     2.681    24.000     1.000    13.000
          1_High |     6.000     3.148    24.000     1.000    13.000
-----------------+--------------------------------------------------
           Total |     5.833     2.898    48.000     1.000    13.000
--------------------------------------------------------------------

.         ttest total_def if task==1, by(o_highstat)

Two-sample t test with equal variances
------------------------------------------------------------------------------
   Group |     Obs        Mean    Std. Err.   Std. Dev.   [95% Conf. Interval]
---------+--------------------------------------------------------------------
   0_Low |      24    5.666667    .5472814     2.68112    4.534529    6.798804
  1_High |      24           6    .6426846    3.148499    4.670506    7.329494
---------+--------------------------------------------------------------------
combined |      48    5.833333    .4182594    2.897786    4.991904    6.674763
---------+--------------------------------------------------------------------
    diff |           -.3333333    .8441329               -2.032485    1.365818
------------------------------------------------------------------------------
    diff = mean(0_Low) - mean(1_High)                             t =  -0.3949
Ho: diff = 0                                     degrees of freedom =       46

    Ha: diff < 0                 Ha: diff != 0                 Ha: diff > 0
 Pr(T < t) = 0.3474         Pr(|T| > |t|) = 0.6948          Pr(T > t) = 0.6526

.         
.         * contrast sensitivity
.         tabstat total_def if task==2, by(o_highstat) ///
>                         statistics(mean sd n min max) format(%5.3f)

Summary for variables: total_def
     by categories of: o_highstat (Other: High Status?)

      o_highstat |      mean        sd         N       min       max
-----------------+--------------------------------------------------
           0_Low |     5.522     2.447    23.000     0.000     9.000
          1_High |     5.478     1.951    23.000     1.000    10.000
-----------------+--------------------------------------------------
           Total |     5.500     2.188    46.000     0.000    10.000
--------------------------------------------------------------------

.         ttest total_def if task==2, by(o_highstat)

Two-sample t test with equal variances
------------------------------------------------------------------------------
   Group |     Obs        Mean    Std. Err.   Std. Dev.   [95% Conf. Interval]
---------+--------------------------------------------------------------------
   0_Low |      23    5.521739     .510249    2.447068    4.463548    6.579931
  1_High |      23    5.478261    .4068075     1.95098    4.634594    6.321928
---------+--------------------------------------------------------------------
combined |      46         5.5     .322655    2.188353    4.850139    6.149861
---------+--------------------------------------------------------------------
    diff |            .0434783    .6525691               -1.271688    1.358645
------------------------------------------------------------------------------
    diff = mean(0_Low) - mean(1_High)                             t =   0.0666
Ho: diff = 0                                     degrees of freedom =       44

    Ha: diff < 0                 Ha: diff != 0                 Ha: diff > 0
 Pr(T < t) = 0.5264         Pr(|T| > |t|) = 0.9472          Pr(T > t) = 0.4736

.         
.         * decision-making
.         tabstat total_def if task==3, by(o_highstat) ///
>                 statistics(mean sd n min max) format(%5.3f)

Summary for variables: total_def
     by categories of: o_highstat (Other: High Status?)

      o_highstat |      mean        sd         N       min       max
-----------------+--------------------------------------------------
           0_Low |     3.478     2.410    23.000     0.000     9.000
          1_High |     6.120     2.877    25.000     1.000    11.000
-----------------+--------------------------------------------------
           Total |     4.854     2.953    48.000     0.000    11.000
--------------------------------------------------------------------

.         ttest total_def if task==3, by(o_highstat)

Two-sample t test with equal variances
------------------------------------------------------------------------------
   Group |     Obs        Mean    Std. Err.   Std. Dev.   [95% Conf. Interval]
---------+--------------------------------------------------------------------
   0_Low |      23    3.478261    .5024429    2.409632    2.436258    4.520264
  1_High |      25        6.12    .5753839     2.87692    4.932466    7.307534
---------+--------------------------------------------------------------------
combined |      48    4.854167    .4262961    2.953466     3.99657    5.711764
---------+--------------------------------------------------------------------
    diff |           -2.641739    .7696069               -4.190878   -1.092601
------------------------------------------------------------------------------
    diff = mean(0_Low) - mean(1_High)                             t =  -3.4326
Ho: diff = 0                                     degrees of freedom =       46

    Ha: diff < 0                 Ha: diff != 0                 Ha: diff > 0
 Pr(T < t) = 0.0006         Pr(|T| > |t|) = 0.0013          Pr(T > t) = 0.9994

.         
. 
. ****************************************************************
. // #4
. // Regression Analyses for CST Paper
. **************************************************************** 
. reg     total_def i.task##i.o_educ 

      Source |       SS           df       MS      Number of obs   =       142
-------------+----------------------------------   F(5, 136)       =      3.16
       Model |  108.724768         5  21.7449537   Prob > F        =    0.0099
    Residual |  935.190725       136  6.87640239   R-squared       =    0.1042
-------------+----------------------------------   Adj R-squared   =    0.0712
       Total |  1043.91549       141  7.40365598   Root MSE        =    2.6223

-------------------------------------------------------------------------------
    total_def |      Coef.   Std. Err.      t    P>|t|     [95% Conf. Interval]
--------------+----------------------------------------------------------------
         task |
Contrast S..  |  -.1449275   .7651737    -0.19   0.850    -1.658105     1.36825
Decision-M~g  |  -2.188406   .7651737    -2.86   0.005    -3.701583   -.6752283
              |
       o_educ |
    Master's  |   .3333333   .7569898     0.44   0.660     -1.16366    1.830327
              |
  task#o_educ |
Contrast S.. #|
    Master's  |  -.3768116   1.082119    -0.35   0.728    -2.516768    1.763145
Decision-M~g #|
    Master's  |   2.308406   1.071011     2.16   0.033     .1904173    4.426394
              |
        _cons |   5.666667   .5352726    10.59   0.000     4.608133    6.725201
-------------------------------------------------------------------------------

. mtable, at(task=(1 2 3) o_educ=(0 2)) stat(est se)

Expression: Linear prediction, predict()

           |     task    o_educ        xb        se
 ----------+---------------------------------------
         1 |        1         0     5.667     0.535
         2 |        1         2     6.000     0.535
         3 |        2         0     5.522     0.547
         4 |        2         2     5.478     0.547
         5 |        3         0     3.478     0.547
         6 |        3         2     6.120     0.524

Specified values where .n indicates no values specified with at()

           |  No at()
 ----------+---------
   Current |       .n

. margins, dydx(o_educ) over(task) // Divide p-values by two for one-tailed test

Average marginal effects                        Number of obs     =        142
Model VCE    : OLS

Expression   : Linear prediction, predict()
dy/dx w.r.t. : 2.o_educ
over         : task

-------------------------------------------------------------------------------
              |            Delta-method
              |      dy/dx   Std. Err.      t    P>|t|     [95% Conf. Interval]
--------------+----------------------------------------------------------------
0.o_educ      |  (base outcome)
--------------+----------------------------------------------------------------
2.o_educ      |
         task |
Meaning In..  |   .3333333   .7569898     0.44   0.660     -1.16366    1.830327
Contrast S..  |  -.0434783    .773271    -0.06   0.955    -1.572669    1.485712
Decision-M~g  |   2.641739   .7576477     3.49   0.001     1.143445    4.140034
-------------------------------------------------------------------------------
Note: dy/dx for factor levels is the discrete change from the base level.

. 
.         
. nbreg   total_def i.task##i.o_educ 

Fitting Poisson model:

Iteration 0:   log likelihood = -335.10689  
Iteration 1:   log likelihood = -335.10664  
Iteration 2:   log likelihood = -335.10664  

Fitting constant-only model:

Iteration 0:   log likelihood = -393.73691  
Iteration 1:   log likelihood = -342.17338  
Iteration 2:   log likelihood = -342.12399  
Iteration 3:   log likelihood = -342.12399  

Fitting full model:

Iteration 0:   log likelihood = -334.05967  
Iteration 1:   log likelihood = -333.52244  
Iteration 2:   log likelihood = -333.49897  
Iteration 3:   log likelihood = -333.49897  

Negative binomial regression                    Number of obs     =        142
                                                LR chi2(5)        =      17.25
Dispersion     = mean                           Prob > chi2       =     0.0040
Log likelihood = -333.49897                     Pseudo R2         =     0.0252

-------------------------------------------------------------------------------
    total_def |      Coef.   Std. Err.      z    P>|z|     [95% Conf. Interval]
--------------+----------------------------------------------------------------
         task |
Contrast S..  |  -.0259082   .1379073    -0.19   0.851    -.2962015    .2443851
Decision-M~g  |  -.4880686   .1537674    -3.17   0.002    -.7894472   -.1866901
              |
       o_educ |
    Master's  |   .0571584   .1341946     0.43   0.670    -.2058581    .3201749
              |
  task#o_educ |
Contrast S.. #|
    Master's  |  -.0650636   .1941413    -0.34   0.738    -.4455735    .3154463
Decision-M~g #|
    Master's  |   .5078713   .2018945     2.52   0.012     .1121654    .9035772
              |
        _cons |   1.734601   .0959601    18.08   0.000     1.546523    1.922679
--------------+----------------------------------------------------------------
     /lnalpha |  -3.111602   .6482736                     -4.382195    -1.84101
--------------+----------------------------------------------------------------
        alpha |   .0445295   .0288673                      .0124979    .1586572
-------------------------------------------------------------------------------
LR test of alpha=0: chibar2(01) = 3.22                 Prob >= chibar2 = 0.036

. mtable, at(task=(1 2 3) o_educ=(0 2)) stat(est se)

Expression: Predicted number of total_def, predict()

           |     task    o_educ        mu        se
 ----------+---------------------------------------
         1 |        1         0     5.667     0.544
         2 |        1         2     6.000     0.563
         3 |        2         0     5.522     0.547
         4 |        2         2     5.478     0.544
         5 |        3         0     3.478     0.418
         6 |        3         2     6.120     0.558

Specified values where .n indicates no values specified with at()

           |  No at()
 ----------+---------
   Current |       .n

. margins, dydx(o_educ) over(task) // Divide p-values by two for one-tailed test

Average marginal effects                        Number of obs     =        142
Model VCE    : OIM

Expression   : Predicted number of events, predict()
dy/dx w.r.t. : 2.o_educ
over         : task

-------------------------------------------------------------------------------
              |            Delta-method
              |      dy/dx   Std. Err.      z    P>|z|     [95% Conf. Interval]
--------------+----------------------------------------------------------------
0.o_educ      |  (base outcome)
--------------+----------------------------------------------------------------
2.o_educ      |
         task |
Meaning In..  |   .3333333   .7826138     0.43   0.670    -1.200561    1.867228
Contrast S..  |  -.0434783   .7716183    -0.06   0.955    -1.555822    1.468866
Decision-M~g  |   2.641739   .6972553     3.79   0.000     1.275144    4.008334
-------------------------------------------------------------------------------
Note: dy/dx for factor levels is the discrete change from the base level.

.         
.         // same findings with linear and negative binomial
.         
. ****************************************************************
. // #5
. // Graphs - Deference
. **************************************************************** 
. set     scheme cleanplots       

. graph   set window fontface "Arial"

. 
. cibar total_def, over1(o_educ) over2(task) ///
>         graphopts(title("Mean Number of Times Participant Deferred to Partner 
> (Lab Study)") ///
>         subtitle("By Education Level of Partner, Over Task") legend(position(6
> ) rows(1)) ///
>         ytitle("# Times Deferred") ylab(1(1)9) ///
>         name(cst_bargraph_education, replace)) level(68)

.         
.                 graph export "- figures/cst1-00-def-education-2019-01-11-SE.pd
> f", replace       
(file /Users/biancamanago/Dropbox/_AcademicWork/Active/Research/CST_Lab+Research
> /CST_Comparing Status Tasks/- Posted/SM-04 Replication Files/- figures/cst1-00
> -def-education-2019-01-11-SE.pdf written in PDF format)

. 
. *Figure for paper with titles removed
.         cibar total_def, over1(o_educ) over2(task) ///
>         graphopts(legend(position(6) rows(1)) scale(1.2) ///
>         ytitle("# Times Deferred") xlab(1.5 `""Meaning" "Insight""' ///
>                 4.2 `""Contrast" "Sensitivty""' 6.8 `""Decision-" "Making""') 
> ///
>         title("Lab Sample") ylab(1(1)9) ///
>         legend(order(1 "GED / High School Degree" 2 "Master's")) ///
>         legend(order(1 "GED / High School Degree" 2 "Master's")) ///    
>         name(cst_bargraph_education, replace)) level(68)

.         
.                 graph export "- figures/cst1-Figure4-def-education.pdf", repla
> ce        
(file /Users/biancamanago/Dropbox/_AcademicWork/Active/Research/CST_Lab+Research
> /CST_Comparing Status Tasks/- Posted/SM-04 Replication Files/- figures/cst1-Fi
> gure4-def-education.pdf written in PDF format)

.                 graph save      " - figures/cst1-Figure4", replace
(note: file - figures/cst1-Figure4.gph not found)
(file - figures/cst1-Figure4.gph saved)

.                 
. 
.         
. ****************************************************************
. // 
. // 
. **************************************************************** 
.                 log close
      name:  <unnamed>
       log:  /Users/biancamanago/Dropbox/_AcademicWork/Active/Research/CST_Lab+R
> esearch/CST_Comparing Status Tasks/- Posted/SM-04 Replication Files/cst1-do03-
> deference-shared.log
  log type:  text
 closed on:  19 May 2021, 18:06:22
--------------------------------------------------------------------------------
