--------------------------------------------------------------------------------
      name:  <unnamed>
       log:  /Users/biancamanago/Dropbox/_AcademicWork/Active/Research/CST_Lab+R
> esearch/CST_Comparing Status Tasks/- Posted/SM-04 Replication Files/cst1-do01-
> reliability-shared.log
  log type:  text
 opened on:  19 May 2021, 18:01:35

. 
. **************************************************************** 
. //  #0
. //  setup
. ****************************************************************
.  
. // CST1 - Comparing Status Tasks Experiment (Lab Sample) 
. // Examine scale reliabilities now that data is clean
.  
.  version 14.1

.  set linesize 80

.  clear all

.  macro drop _all

. 
.  
.  local pgm   cst1-do01-reliability-shared.do

.  local dte   2020-05-29

.  local who   "bianca manago - trenton mize" 

.  local tag   "`pgm'.do `who' `dte'"

.  
.  di "`tag'"
cst1-do01-reliability-shared.do.do bianca manago - trenton mize 2020-05-29

.  
.  ****************************************************************
.  // #1
.  // Load Data
.  **************************************************************** 
.  
.         use "- data/cst1-data03-shared", clear
(cst1-data00-import.dta| data management | 2019-01-09)

.         
.         
.  ****************************************************************
.  // #2
.  // Examine scale alpha reliability
.  **************************************************************** 
.   
. alpha   w_friendly w_wellint w_trustworthy w_warm w_goodnat w_sincere ///
>                 if suspicious == 0, item

Test scale = mean(unstandardized items)

                                                            average
                             item-test     item-rest       interitem
Item         |  Obs  Sign   correlation   correlation     covariance      alpha
-------------+-----------------------------------------------------------------
w_friendly   |  142    +       0.8757        0.8155        1.185861      0.9152
w_wellint    |  142    +       0.8353        0.7554        1.209425      0.9233
w_trustwor~y |  142    +       0.8003        0.7091         1.25019      0.9291
w_warm       |  142    +       0.8554        0.7883        1.211762      0.9188
w_goodnat    |  142    +       0.9044        0.8598        1.181725      0.9098
w_sincere    |  142    +       0.9046        0.8594        1.176561      0.9098
-------------+-----------------------------------------------------------------
Test scale   |                                             1.202587      0.9305
-------------------------------------------------------------------------------

.  
. alpha   c_competent c_confident c_capable c_efficient c_intell c_skillful ///
>                 if suspicious == 0, item 

Test scale = mean(unstandardized items)

                                                            average
                             item-test     item-rest       interitem
Item         |  Obs  Sign   correlation   correlation     covariance      alpha
-------------+-----------------------------------------------------------------
c_competent  |  142    +       0.8830        0.8296        1.545835      0.9136
c_confident  |  142    +       0.7488        0.6398        1.670627      0.9377
c_capable    |  142    +       0.8955        0.8455        1.516527      0.9114
c_efficient  |  142    +       0.8514        0.7756         1.52304      0.9209
c_intell     |  142    +       0.8842        0.8317        1.548312      0.9134
c_skillful   |  142    +       0.9142        0.8712        1.481106      0.9078
-------------+-----------------------------------------------------------------
Test scale   |                                             1.547574      0.9305
-------------------------------------------------------------------------------

.  
. ****************************************************************
. // 
. // 
. **************************************************************** 
.                 log close
      name:  <unnamed>
       log:  /Users/biancamanago/Dropbox/_AcademicWork/Active/Research/CST_Lab+R
> esearch/CST_Comparing Status Tasks/- Posted/SM-04 Replication Files/cst1-do01-
> reliability-shared.log
  log type:  text
 closed on:  19 May 2021, 18:01:35
--------------------------------------------------------------------------------
