--------------------------------------------------------------------------------
      name:  <unnamed>
       log:  /Users/biancamanago/Dropbox/_AcademicWork/Active/Research/CST_Lab+R
> esearch/CST_Comparing Status Tasks/- Posted/SM-04 Replication Files/cst1-do02-
> competence-shared.log
  log type:  text
 opened on:  19 May 2021, 18:03:58

. 
. **************************************************************** 
. //  #0
. //  setup
. ****************************************************************
.  
. // CST1 - Comparing Status Tasks Experiment (Lab Sample)
. // Examine patterns for competence
.  
.  version 14.1

.  set linesize 80

.  clear all

.  macro drop _all

. 
.  
.  local pgm   cst1-do02-competence-shared.do

.  local dte   2020-05-29

.  local who   bianca manago - trent mize 

.  local tag   "`pgm'.do `who' `dte'"

.  
.  di "`tag'"
cst1-do02-competence-shared.do.do bianca manago - trent mize 2020-05-29

.  
.  ****************************************************************
.  // #1
.  // Load Data
.  **************************************************************** 
.  
.         use "- data/cst1-data03-shared", clear
(cst1-data00-import.dta| data management | 2019-01-09)

.         
.         
. ****************************************************************
. // #1
. // Examine Ns
. **************************************************************** 
.         
.         fre     task

task -- SC-EST Task
----------------------------------------------------------------------------
                               |      Freq.    Percent      Valid       Cum.
-------------------------------+--------------------------------------------
Valid   1 Meaning Insight      |         48      33.80      33.80      33.80
        2 Contrast Sensitivity |         46      32.39      32.39      66.20
        3 Decision-Making      |         48      33.80      33.80     100.00
        Total                  |        142     100.00     100.00           
----------------------------------------------------------------------------

.         
.         tab             o_man   o_highstat, m

           |  Other: High Status?
Other: Man |     0_Low     1_High |     Total
-----------+----------------------+----------
     Woman |        70         72 |       142 
-----------+----------------------+----------
     Total |        70         72 |       142 

.         tab             o_man   p_highstat, m   

           |   Is P High or Low
           |        Status?
Other: Man |     0_Low     1_High |     Total
-----------+----------------------+----------
     Woman |        72         70 |       142 
-----------+----------------------+----------
     Total |        72         70 |       142 

.         tab     o_highstat o_educ, m    

                      |   Other: Education
  Other: High Status? |       GED   Master's |     Total
----------------------+----------------------+----------
                0_Low |        70          0 |        70 
               1_High |         0         72 |        72 
----------------------+----------------------+----------
                Total |        70         72 |       142 

.         tab     o_educ task, m

    Other: |           SC-EST Task
 Education | Meaning I  Contrast   Decision- |     Total
-----------+---------------------------------+----------
       GED |        24         23         23 |        70 
  Master's |        24         23         25 |        72 
-----------+---------------------------------+----------
     Total |        48         46         48 |       142 

.         
. ****************************************************************
. // #2
. // Preliminary Analyses / Descriptives
. **************************************************************** 
.         
.         tabstat comp_scl, by(o_highstat) statistics(mean sd n min max) format(
> %5.3f)

Summary for variables: comp_scl
     by categories of: o_highstat (Other: High Status?)

      o_highstat |      mean        sd         N       min       max
-----------------+--------------------------------------------------
           0_Low |     5.283     1.355    70.000     1.667     8.000
          1_High |     5.731     1.191    72.000     1.667     8.000
-----------------+--------------------------------------------------
           Total |     5.511     1.290   142.000     1.667     8.000
--------------------------------------------------------------------

.         tabstat comp_scl, by(task) statistics(mean sd n min max)  format(%5.3f
> )

Summary for variables: comp_scl
     by categories of: task (SC-EST Task)

            task |      mean        sd         N       min       max
-----------------+--------------------------------------------------
 Meaning Insight |     5.747     1.301    48.000     2.500     8.000
Contrast Sensiti |     5.583     1.378    46.000     1.667     8.000
 Decision-Making |     5.205     1.150    48.000     1.667     7.000
-----------------+--------------------------------------------------
           Total |     5.511     1.290   142.000     1.667     8.000
--------------------------------------------------------------------

. 
.         * meaning insight       
.         tabstat comp_scl if task==1, by(o_highstat) ///
>                         statistics(mean sd n min max) format(%5.3f)

Summary for variables: comp_scl
     by categories of: o_highstat (Other: High Status?)

      o_highstat |      mean        sd         N       min       max
-----------------+--------------------------------------------------
           0_Low |     5.542     1.378    24.000     2.500     8.000
          1_High |     5.951     1.212    24.000     4.000     8.000
-----------------+--------------------------------------------------
           Total |     5.747     1.301    48.000     2.500     8.000
--------------------------------------------------------------------

.         ttest comp_scl if task==1, by(o_highstat)

Two-sample t test with equal variances
------------------------------------------------------------------------------
   Group |     Obs        Mean    Std. Err.   Std. Dev.   [95% Conf. Interval]
---------+--------------------------------------------------------------------
   0_Low |      24    5.541667    .2813031    1.378098    4.959747    6.123587
  1_High |      24    5.951389    .2474669    1.212335    5.439465    6.463313
---------+--------------------------------------------------------------------
combined |      48    5.746528    .1877208    1.300568    5.368882    6.124173
---------+--------------------------------------------------------------------
    diff |           -.4097222    .3746616               -1.163877    .3444324
------------------------------------------------------------------------------
    diff = mean(0_Low) - mean(1_High)                             t =  -1.0936
Ho: diff = 0                                     degrees of freedom =       46

    Ha: diff < 0                 Ha: diff != 0                 Ha: diff > 0
 Pr(T < t) = 0.1399         Pr(|T| > |t|) = 0.2798          Pr(T > t) = 0.8601

.         
.         * contrast sensitivity
.         tabstat comp_scl if task==2, by(o_highstat) ///
>                         statistics(mean sd n min max) format(%5.3f)

Summary for variables: comp_scl
     by categories of: o_highstat (Other: High Status?)

      o_highstat |      mean        sd         N       min       max
-----------------+--------------------------------------------------
           0_Low |     5.449     1.309    23.000     2.333     7.500
          1_High |     5.717     1.460    23.000     1.667     8.000
-----------------+--------------------------------------------------
           Total |     5.583     1.378    46.000     1.667     8.000
--------------------------------------------------------------------

.         ttest comp_scl if task==2, by(o_highstat)

Two-sample t test with equal variances
------------------------------------------------------------------------------
   Group |     Obs        Mean    Std. Err.   Std. Dev.   [95% Conf. Interval]
---------+--------------------------------------------------------------------
   0_Low |      23    5.449275    .2729245      1.3089    4.883265    6.015286
  1_High |      23    5.717391     .304489    1.460278     5.08592    6.348863
---------+--------------------------------------------------------------------
combined |      46    5.583333    .2031522    1.377845    5.174164    5.992503
---------+--------------------------------------------------------------------
    diff |           -.2681159    .4089026               -1.092205    .5559731
------------------------------------------------------------------------------
    diff = mean(0_Low) - mean(1_High)                             t =  -0.6557
Ho: diff = 0                                     degrees of freedom =       44

    Ha: diff < 0                 Ha: diff != 0                 Ha: diff > 0
 Pr(T < t) = 0.2577         Pr(|T| > |t|) = 0.5154          Pr(T > t) = 0.7423

.         
.         * decision-making
.         tabstat comp_scl if task==3, by(o_highstat) ///
>                         statistics(mean sd n min max) format(%5.3f)

Summary for variables: comp_scl
     by categories of: o_highstat (Other: High Status?)

      o_highstat |      mean        sd         N       min       max
-----------------+--------------------------------------------------
           0_Low |     4.848     1.326    23.000     1.667     6.667
          1_High |     5.533     0.863    25.000     3.500     7.000
-----------------+--------------------------------------------------
           Total |     5.205     1.150    48.000     1.667     7.000
--------------------------------------------------------------------

.         ttest comp_scl if task==3, by(o_highstat)

Two-sample t test with equal variances
------------------------------------------------------------------------------
   Group |     Obs        Mean    Std. Err.   Std. Dev.   [95% Conf. Interval]
---------+--------------------------------------------------------------------
   0_Low |      23    4.847826    .2764178    1.325653    4.274571    5.421081
  1_High |      25    5.533333    .1726697    .8633483    5.176961    5.889706
---------+--------------------------------------------------------------------
combined |      48    5.204861    .1660182    1.150208    4.870876    5.538847
---------+--------------------------------------------------------------------
    diff |           -.6855072    .3203516               -1.330342    -.040673
------------------------------------------------------------------------------
    diff = mean(0_Low) - mean(1_High)                             t =  -2.1399
Ho: diff = 0                                     degrees of freedom =       46

    Ha: diff < 0                 Ha: diff != 0                 Ha: diff > 0
 Pr(T < t) = 0.0189         Pr(|T| > |t|) = 0.0377          Pr(T > t) = 0.9811

. 
.                 
.         
. ****************************************************************
. // #3
. // Regression Analyses for CST Paper
. **************************************************************** 
. reg     comp_scl i.task##i.o_educ

      Source |       SS           df       MS      Number of obs   =       142
-------------+----------------------------------   F(5, 136)       =      1.97
       Model |  15.8723899         5  3.17447797   Prob > F        =    0.0863
    Residual |  218.639543       136   1.6076437   R-squared       =    0.0677
-------------+----------------------------------   Adj R-squared   =    0.0334
       Total |  234.511932       141  1.66320519   Root MSE        =    1.2679

-------------------------------------------------------------------------------
     comp_scl |      Coef.   Std. Err.      t    P>|t|     [95% Conf. Interval]
--------------+----------------------------------------------------------------
         task |
Contrast S..  |  -.0923913   .3699766    -0.25   0.803    -.8240426      .63926
Decision-M~g  |  -.6938406   .3699766    -1.88   0.063    -1.425492    .0378107
              |
       o_educ |
    Master's  |   .4097222   .3660195     1.12   0.265    -.3141037    1.133548
              |
  task#o_educ |
Contrast S.. #|
    Master's  |  -.1416063    .523226    -0.27   0.787    -1.176317    .8931048
Decision-M~g #|
    Master's  |    .275785   .5178548     0.53   0.595    -.7483043    1.299874
              |
        _cons |   5.541667   .2588149    21.41   0.000     5.029845    6.053489
-------------------------------------------------------------------------------

. mtable, at(task=(1 2 3) o_educ=(0 2)) stat(est se)

Expression: Linear prediction, predict()

           |     task    o_educ        xb        se
 ----------+---------------------------------------
         1 |        1         0     5.542     0.259
         2 |        1         2     5.951     0.259
         3 |        2         0     5.449     0.264
         4 |        2         2     5.717     0.264
         5 |        3         0     4.848     0.264
         6 |        3         2     5.533     0.254

Specified values where .n indicates no values specified with at()

           |  No at()
 ----------+---------
   Current |       .n

. margins, dydx(o_educ) over(task)        // These are hypothesized so cut p-val
> ue 

Average marginal effects                        Number of obs     =        142
Model VCE    : OLS

Expression   : Linear prediction, predict()
dy/dx w.r.t. : 2.o_educ
over         : task

-------------------------------------------------------------------------------
              |            Delta-method
              |      dy/dx   Std. Err.      t    P>|t|     [95% Conf. Interval]
--------------+----------------------------------------------------------------
0.o_educ      |  (base outcome)
--------------+----------------------------------------------------------------
2.o_educ      |
         task |
Meaning In..  |   .4097222   .3660195     1.12   0.265    -.3141037    1.133548
Contrast S..  |   .2681159   .3738918     0.72   0.475    -.4712779     1.00751
Decision-M~g  |   .6855072   .3663377     1.87   0.063    -.0389478    1.409962
-------------------------------------------------------------------------------
Note: dy/dx for factor levels is the discrete change from the base level.

.                                                                         // in 
> half for one-tailed test 
. 
.         
. ****************************************************************
. // #4
. // Graphs - Competence
. **************************************************************** 
. set     scheme cleanplots       

. graph   set window fontface "Arial"

. 
. cibar comp_scl, over1(o_educ) over2(task) ///
>         graphopts(title("Mean Rating of Partner's Competence (Lab Study)") ///
>         subtitle("By Education Level of Partner, Over Task") legend(position(6
> ) rows(1)) ///
>         ytitle("Evaluation of Competence") ylab(3(1)7) ///
>         name(cst_bargraph_education, replace)) level(68)

.         
.                 graph export "- figures/cst1-do02-competence-education-2019-01
> -11-SE.pdf", replace
(file /Users/biancamanago/Dropbox/_AcademicWork/Active/Research/CST_Lab+Research
> /CST_Comparing Status Tasks/- Posted/SM-04 Replication Files/- figures/cst1-do
> 02-competence-education-2019-01-11-SE.pdf written in PDF format)

.                 
. *Figure for paper with titles removed and legend altered so it works when
. *       combined with online sample figure
. cibar comp_scl, over1(o_educ) over2(task) ///
>         graphopts(legend(position(6) rows(1)) scale(1.2) ///
>         ytitle("Evaluation of Competence") xlab(1.5 `""Meaning" "Insight""' //
> /
>                 4.2 `""Contrast" "Sensitivty""' 6.8 `""Decision-" "Making""') 
> ///
>         title("Lab Sample") ylab(3(1)7) ///
>         legend(order(1 "GED / High School Degree" 2 "Master's")) ///
>         name(cst_bargraph_education, replace)) level(68)

.         
.                 graph export "- figures/cst1-Figure3-competence-education.pdf"
> , replace
(file /Users/biancamanago/Dropbox/_AcademicWork/Active/Research/CST_Lab+Research
> /CST_Comparing Status Tasks/- Posted/SM-04 Replication Files/- figures/cst1-Fi
> gure3-competence-education.pdf written in PDF format)

.                 graph save "- figures/cst1-Figure3", replace    
(file - figures/cst1-Figure3.gph saved)

.                 
.         
.                                 
. ****************************************************************
. // close out
. **************************************************************** 
. 
. log close
      name:  <unnamed>
       log:  /Users/biancamanago/Dropbox/_AcademicWork/Active/Research/CST_Lab+R
> esearch/CST_Comparing Status Tasks/- Posted/SM-04 Replication Files/cst1-do02-
> competence-shared.log
  log type:  text
 closed on:  19 May 2021, 18:04:00
--------------------------------------------------------------------------------
