--------------------------------------------------------------------------------
      name:  <unnamed>
       log:  /Users/biancamanago/Dropbox/_AcademicWork/Active/Research/CST_Lab+R
> esearch/CST_Comparing Status Tasks/- Posted/SM-04 Replication Files/cst2-do02-
> competence-shared.log
  log type:  text
 opened on:  19 May 2021, 17:50:30

. 
. **************************************************************** 
. //  #0
. //  setup
. ****************************************************************
.  
. // CST2 - Comparing Status Tasks Experiment (Online Prolific Sample) 
. // Examine competence DV findings
.  
.  version 15.1

.  set linesize 80

.  clear all

.  macro drop _all

. 
.  
.  local pgm   cst2-do02-competence-shared.do

.  local dte   2020-05-29

.  local who   bianca manago - trent mize 

.  local tag   "`pgm'.do `who' `dte'"

.  
.  di "`tag'"
cst2-do02-competence-shared.do.do bianca manago - trent mize 2020-05-29

.  
.  ****************************************************************
.  // #1
.  // Load Data
.  **************************************************************** 
.  
.         use "- data/cst2-data04-shared_wide_nosus.dta", clear

.         
. ****************************************************************
. // #1
. // Examine Ns
. **************************************************************** 
.         
.         fre     task

task -- SC-EST Task
----------------------------------------------------------------------------
                               |      Freq.    Percent      Valid       Cum.
-------------------------------+--------------------------------------------
Valid   1 Meaning Insight      |         81      33.33      33.33      33.33
        2 Contrast Sensitivity |         75      30.86      30.86      64.20
        3 Decision-Making      |         87      35.80      35.80     100.00
        Total                  |        243     100.00     100.00           
----------------------------------------------------------------------------

.         
.         tab             o_man   o_highstat, m

           | Is Other High or Low
Partner/Ot |        Status?
  her: Man |     0_Low     1_High |     Total
-----------+----------------------+----------
     Woman |        71         75 |       146 
       Man |        52         45 |        97 
-----------+----------------------+----------
     Total |       123        120 |       243 

.         tab             o_man   p_highstat, m   

           |   Is R High or Low
Partner/Ot |        Status?
  her: Man |     0_Low     1_High |     Total
-----------+----------------------+----------
     Woman |        75         71 |       146 
       Man |        45         52 |        97 
-----------+----------------------+----------
     Total |       120        123 |       243 

.         tab     o_highstat o_educ, m    

 Is Other High or Low |   Other: Education
              Status? |       GED   Master's |     Total
----------------------+----------------------+----------
                0_Low |       123          0 |       123 
               1_High |         0        120 |       120 
----------------------+----------------------+----------
                Total |       123        120 |       243 

.         tab     o_educ task, m

    Other: |           SC-EST Task
 Education | Meaning I  Contrast   Decision- |     Total
-----------+---------------------------------+----------
       GED |        42         30         51 |       123 
  Master's |        39         45         36 |       120 
-----------+---------------------------------+----------
     Total |        81         75         87 |       243 

.         
. ****************************************************************
. // #2
. // Preliminary Analyses / Descriptives
. **************************************************************** 
.         
.         tabstat comp_scl, by(o_highstat) statistics(mean n min max) format(%5.
> 3f)

Summary for variables: comp_scl
     by categories of: o_highstat (Is Other High or Low Status?)

      o_highstat |      mean         N       min       max
-----------------+----------------------------------------
           0_Low |     4.854   123.000     2.000     8.000
          1_High |     5.442   120.000     2.000     8.000
-----------------+----------------------------------------
           Total |     5.144   243.000     2.000     8.000
----------------------------------------------------------

.         tabstat comp_scl, by(task) statistics(mean n min max)  format(%5.3f)

Summary for variables: comp_scl
     by categories of: task (SC-EST Task)

            task |      mean         N       min       max
-----------------+----------------------------------------
 Meaning Insight |     5.210    81.000     2.000     8.000
Contrast Sensiti |     5.200    75.000     2.000     8.000
 Decision-Making |     5.034    87.000     2.000     8.000
-----------------+----------------------------------------
           Total |     5.144   243.000     2.000     8.000
----------------------------------------------------------

. 
.         * meaning insight       
.         tabstat comp_scl if task==1, by(o_highstat) ///
>                         statistics(mean sd n min max) format(%5.3f)

Summary for variables: comp_scl
     by categories of: o_highstat (Is Other High or Low Status?)

      o_highstat |      mean        sd         N       min       max
-----------------+--------------------------------------------------
           0_Low |     4.929     1.218    42.000     3.000     8.000
          1_High |     5.513     1.335    39.000     2.000     8.000
-----------------+--------------------------------------------------
           Total |     5.210     1.301    81.000     2.000     8.000
--------------------------------------------------------------------

.         ttest comp_scl if task==1, by(o_highstat)

Two-sample t test with equal variances
------------------------------------------------------------------------------
   Group |     Obs        Mean    Std. Err.   Std. Dev.   [95% Conf. Interval]
---------+--------------------------------------------------------------------
   0_Low |      42    4.928571    .1878816    1.217612    4.549137    5.308006
  1_High |      39    5.512821    .2138011    1.335188    5.080003    5.945638
---------+--------------------------------------------------------------------
combined |      81    5.209877    .1445684    1.301115    4.922176    5.497577
---------+--------------------------------------------------------------------
    diff |           -.5842491    .2836437               -1.148828   -.0196705
------------------------------------------------------------------------------
    diff = mean(0_Low) - mean(1_High)                             t =  -2.0598
Ho: diff = 0                                     degrees of freedom =       79

    Ha: diff < 0                 Ha: diff != 0                 Ha: diff > 0
 Pr(T < t) = 0.0214         Pr(|T| > |t|) = 0.0427          Pr(T > t) = 0.9786

.         
.         * contrast sensitivity
.         tabstat comp_scl if task==2, by(o_highstat) ///
>                         statistics(mean sd n min max) format(%5.3f)

Summary for variables: comp_scl
     by categories of: o_highstat (Is Other High or Low Status?)

      o_highstat |      mean        sd         N       min       max
-----------------+--------------------------------------------------
           0_Low |     5.100     1.322    30.000     2.000     8.000
          1_High |     5.267     1.053    45.000     2.000     7.000
-----------------+--------------------------------------------------
           Total |     5.200     1.162    75.000     2.000     8.000
--------------------------------------------------------------------

.         ttest comp_scl if task==2, by(o_highstat)

Two-sample t test with equal variances
------------------------------------------------------------------------------
   Group |     Obs        Mean    Std. Err.   Std. Dev.   [95% Conf. Interval]
---------+--------------------------------------------------------------------
   0_Low |      30         5.1    .2414039    1.322224    4.606274    5.593726
  1_High |      45    5.266667    .1569919    1.053134     4.95027    5.583063
---------+--------------------------------------------------------------------
combined |      75         5.2    .1342312    1.162476    4.932538    5.467462
---------+--------------------------------------------------------------------
    diff |           -.1666667    .2751781               -.7150958    .3817625
------------------------------------------------------------------------------
    diff = mean(0_Low) - mean(1_High)                             t =  -0.6057
Ho: diff = 0                                     degrees of freedom =       73

    Ha: diff < 0                 Ha: diff != 0                 Ha: diff > 0
 Pr(T < t) = 0.2733         Pr(|T| > |t|) = 0.5466          Pr(T > t) = 0.7267

.         
.         * decision-making
.         tabstat comp_scl if task==3, by(o_highstat) ///
>                 statistics(mean sd n min max) format(%5.3f)

Summary for variables: comp_scl
     by categories of: o_highstat (Is Other High or Low Status?)

      o_highstat |      mean        sd         N       min       max
-----------------+--------------------------------------------------
           0_Low |     4.647     1.278    51.000     2.000     7.000
          1_High |     5.583     1.273    36.000     3.000     8.000
-----------------+--------------------------------------------------
           Total |     5.034     1.351    87.000     2.000     8.000
--------------------------------------------------------------------

.         ttest comp_scl if task==3, by(o_highstat)

Two-sample t test with equal variances
------------------------------------------------------------------------------
   Group |     Obs        Mean    Std. Err.   Std. Dev.   [95% Conf. Interval]
---------+--------------------------------------------------------------------
   0_Low |      51    4.647059     .178937    1.277866    4.287653    5.006464
  1_High |      36    5.583333    .2122255    1.273353    5.152493    6.014174
---------+--------------------------------------------------------------------
combined |      87    5.034483    .1448098    1.350696     4.74661    5.322355
---------+--------------------------------------------------------------------
    diff |           -.9362745    .2777648               -1.488545   -.3840036
------------------------------------------------------------------------------
    diff = mean(0_Low) - mean(1_High)                             t =  -3.3707
Ho: diff = 0                                     degrees of freedom =       85

    Ha: diff < 0                 Ha: diff != 0                 Ha: diff > 0
 Pr(T < t) = 0.0006         Pr(|T| > |t|) = 0.0011          Pr(T > t) = 0.9994

.         
.         
. ****************************************************************
. // #3
. // Regression Analyses 
. **************************************************************** 
. *Determine if control variables are needed (no)
. reg     comp_scl i.task##i.o_educ r_incomeC r_numsurveyC i.r_married ///
>                 i.r_parent i.r_pol p_ageyrs i.p_man i.p_white

      Source |       SS           df       MS      Number of obs   =       240
-------------+----------------------------------   F(14, 225)      =      1.32
       Model |  29.8586118        14  2.13275798   Prob > F        =    0.1946
    Residual |  362.603888       225  1.61157284   R-squared       =    0.0761
-------------+----------------------------------   Adj R-squared   =    0.0186
       Total |    392.4625       239  1.64210251   Root MSE        =    1.2695

-------------------------------------------------------------------------------
     comp_scl |      Coef.   Std. Err.      t    P>|t|     [95% Conf. Interval]
--------------+----------------------------------------------------------------
         task |
Contrast S..  |   .1528592   .3170644     0.48   0.630    -.4719362    .7776546
Decision-M~g  |  -.2732178   .2796815    -0.98   0.330     -.824348    .2779123
              |
       o_educ |
    Master's  |   .6080063   .2859083     2.13   0.035     .0446059    1.171407
              |
  task#o_educ |
Contrast S.. #|
    Master's  |  -.4595742   .4261047    -1.08   0.282     -1.29924    .3800921
Decision-M~g #|
    Master's  |    .310903   .4081362     0.76   0.447    -.4933551    1.115161
              |
    r_incomeC |  -.0002844   .0023647    -0.12   0.904    -.0049441    .0043753
 r_numsurveyC |   .0005163   .0010808     0.48   0.633    -.0016135     .002646
              |
    r_married |
     Married  |  -.0002221   .2327888    -0.00   0.999    -.4589472    .4585031
              |
     r_parent |
    1_Parent  |  -.0237568   .2388631    -0.10   0.921    -.4944517    .4469382
              |
        r_pol |
  2_Moderate  |   .1094165   .2660584     0.41   0.681    -.4148685    .6337015
   3_Liberal  |   .0832817   .2204395     0.38   0.706    -.3511084    .5176718
              |
     p_ageyrs |  -.0038234   .0080297    -0.48   0.634    -.0196464    .0119995
              |
        p_man |
       1_man  |  -.0656924   .1792098    -0.37   0.714    -.4188366    .2874518
              |
      p_white |
     1_White  |   .1363541    .180122     0.76   0.450    -.2185877     .491296
        _cons |   4.927564   .4125808    11.94   0.000     4.114547     5.74058
-------------------------------------------------------------------------------

. test    2.r_pol 3.r_pol

 ( 1)  2.r_pol = 0
 ( 2)  3.r_pol = 0

       F(  2,   225) =    0.10
            Prob > F =    0.9072

. 
. *Main model for paper
. reg     comp_scl i.task##i.o_educ

      Source |       SS           df       MS      Number of obs   =       243
-------------+----------------------------------   F(5, 237)       =      3.56
       Model |  27.5324849         5  5.50649698   Prob > F        =    0.0040
    Residual |  366.426363       237   1.5461028   R-squared       =    0.0699
-------------+----------------------------------   Adj R-squared   =    0.0503
       Total |  393.958848       242  1.62792912   Root MSE        =    1.2434

-------------------------------------------------------------------------------
     comp_scl |      Coef.   Std. Err.      t    P>|t|     [95% Conf. Interval]
--------------+----------------------------------------------------------------
         task |
Contrast S..  |   .1714286   .2972351     0.58   0.565    -.4141318    .7569889
Decision-M~g  |  -.2815126   .2590902    -1.09   0.278    -.7919264    .2289012
              |
       o_educ |
    Master's  |   .5842491   .2765061     2.11   0.036     .0395254    1.128973
              |
  task#o_educ |
Contrast S.. #|
    Master's  |  -.4175824   .4029271    -1.04   0.301    -1.211358    .3761936
Decision-M~g #|
    Master's  |   .3520254    .386935     0.91   0.364    -.4102458    1.114297
              |
        _cons |   4.928571   .1918645    25.69   0.000     4.550594    5.306549
-------------------------------------------------------------------------------

. mtable, at(task=(1 2 3) o_educ=(0 2))  stat(est se)

Expression: Linear prediction, predict()

           |     task    o_educ        xb        se
 ----------+---------------------------------------
         1 |        1         0     4.929     0.192
         2 |        1         2     5.513     0.199
         3 |        2         0     5.100     0.227
         4 |        2         2     5.267     0.185
         5 |        3         0     4.647     0.174
         6 |        3         2     5.583     0.207

Specified values where .n indicates no values specified with at()

           |  No at()
 ----------+---------
   Current |       .n

. margins, dydx(o_educ) over(task) post

Average marginal effects                        Number of obs     =        243
Model VCE    : OLS

Expression   : Linear prediction, predict()
dy/dx w.r.t. : 2.o_educ
over         : task

-------------------------------------------------------------------------------
              |            Delta-method
              |      dy/dx   Std. Err.      t    P>|t|     [95% Conf. Interval]
--------------+----------------------------------------------------------------
0.o_educ      |  (base outcome)
--------------+----------------------------------------------------------------
2.o_educ      |
         task |
Meaning In..  |   .5842491   .2765061     2.11   0.036     .0395254    1.128973
Contrast S..  |   .1666667   .2930778     0.57   0.570    -.4107036     .744037
Decision-M~g  |   .9362745   .2706715     3.46   0.001     .4030452    1.469504
-------------------------------------------------------------------------------
Note: dy/dx for factor levels is the discrete change from the base level.

. mlincom 3 - 1, stat(est se p)

             |   lincom        se    pvalue 
-------------+------------------------------
           1 |    0.352     0.387     0.364 

.         
.         
. ****************************************************************
. // #4
. // Graphs - Competence
. **************************************************************** 
. set     scheme cleanplots       

. graph   set window fontface "Arial"

. 
.         
. cibar comp_scl, over1(o_educ) over2(task) ///
>         graphopts(title("Mean Rating of Partner's Competence (Online Study)") 
> ///
>         subtitle("By Education Level of Partner, Over Task") legend(position(6
> ) rows(1)) ///
>         ytitle("Evaluation of Competence") ///
>         ylab(3(1)7) name(cst_bargraph_education, replace)) level(68) 

.         
.                 graph export "- figures/cst2-do02-competence-education-2019-01
> -11-SE.pdf", replace
(file /Users/biancamanago/Dropbox/_AcademicWork/Active/Research/CST_Lab+Research
> /CST_Comparing Status Tasks/- Posted/SM-04 Replication Files/- figures/cst2-do
> 02-competence-education-2019-01-11-SE.pdf written in PDF format)

.         
. *Figure for paper with titles removed
.         cibar comp_scl, over1(o_educ) over2(task) ///
>         graphopts(legend(position(6) rows(1)) scale(1.2) ///
>         ytitle("Evaluation of Competence") xlab(1.5 `""Meaning" "Insight""' //
> /
>                 4.2 `""Contrast" "Sensitivty""' 6.8 `""Decision-" "Making""') 
> ///
>         title("Online Sample") ylab(3(1)7)  ///
>         legend(order(1 "GED / High School Degree" 2 "Master's")) ///
>         name(cst_bargraph_education, replace))  level(68)

.         
.                 graph export "- figures/cst2-Figure3-competence-education.pdf"
> , replace 
(file /Users/biancamanago/Dropbox/_AcademicWork/Active/Research/CST_Lab+Research
> /CST_Comparing Status Tasks/- Posted/SM-04 Replication Files/- figures/cst2-Fi
> gure3-competence-education.pdf written in PDF format)

.                 graph save      "- figures/cst2-Figure3", replace             
>           
(file - figures/cst2-Figure3.gph saved)

.                 
.                                 
. ****************************************************************
. // close out
. **************************************************************** 
. 
. log close
      name:  <unnamed>
       log:  /Users/biancamanago/Dropbox/_AcademicWork/Active/Research/CST_Lab+R
> esearch/CST_Comparing Status Tasks/- Posted/SM-04 Replication Files/cst2-do02-
> competence-shared.log
  log type:  text
 closed on:  19 May 2021, 17:50:32
--------------------------------------------------------------------------------
